#
# There is insufficient memory for the Java Runtime Environment to continue.
# Native memory allocation (malloc) failed to allocate 1048576 bytes for AllocateHeap
# Possible reasons:
#   The system is out of physical RAM or swap space
#   In 32 bit mode, the process size limit was hit
# Possible solutions:
#   Reduce memory load on the system
#   Increase physical memory or swap space
#   Check if swap backing store is full
#   Use 64 bit Java on a 64 bit OS
#   Decrease Java heap size (-Xmx/-Xms)
#   Decrease number of Java threads
#   Decrease Java thread stack sizes (-Xss)
#   Set larger code cache with -XX:ReservedCodeCacheSize=
# This output file may be truncated or incomplete.
#
#  Out of Memory Error (memory/allocation.inline.hpp:61), pid=5468, tid=0x00000000000019a0
#
# JRE version:  (8.0_92-b14) (build )
# Java VM: Java HotSpot(TM) 64-Bit Server VM (25.92-b14 mixed mode windows-amd64 compressed oops)
# Failed to write core dump. Minidumps are not enabled by default on client versions of Windows
#

---------------  T H R E A D  ---------------

Current thread (0x000000000146e000):  JavaThread "Unknown thread" [_thread_in_vm, id=6560, stack(0x00000000032e0000,0x00000000033e0000)]

Stack: [0x00000000032e0000,0x00000000033e0000]
[error occurred during error reporting (printing stack bounds), id 0xc0000005]

Native frames: (J=compiled Java code, j=interpreted, Vv=VM code, C=native code)


---------------  P R O C E S S  ---------------

Java Threads: ( => current thread )

Other Threads:

=>0x000000000146e000 (exited) JavaThread "Unknown thread" [_thread_in_vm, id=6560, stack(0x00000000032e0000,0x00000000033e0000)]

VM state:not at safepoint (normal execution)

VM Mutex/Monitor currently owned by a thread: None

Heap:
 PSYoungGen      total 18944K, used 327K [0x00000000eb000000, 0x00000000ec500000, 0x0000000100000000)
  eden space 16384K, 2% used [0x00000000eb000000,0x00000000eb051ec8,0x00000000ec000000)
  from space 2560K, 0% used [0x00000000ec280000,0x00000000ec280000,0x00000000ec500000)
  to   space 2560K, 0% used [0x00000000ec000000,0x00000000ec000000,0x00000000ec280000)
 ParOldGen       total 44032K, used 0K [0x00000000c1000000, 0x00000000c3b00000, 0x00000000eb000000)
  object space 44032K, 0% used [0x00000000c1000000,0x00000000c1000000,0x00000000c3b00000)
 Metaspace       used 769K, capacity 4480K, committed 4480K, reserved 1056768K
  class space    used 75K, capacity 384K, committed 384K, reserved 1048576K

Card table byte_map: [0x00000000128a0000,0x0000000012aa0000] byte_map_base: 0x0000000012298000

Marking Bits: (ParMarkBitMap*) 0x0000000077f764f0
 Begin Bits: [0x0000000012ff0000, 0x0000000013fb0000)
 End Bits:   [0x0000000013fb0000, 0x0000000014f70000)

Polling page: 0x0000000001400000

CodeCache: size=245760Kb used=328Kb max_used=328Kb free=245431Kb
 bounds [0x00000000034e0000, 0x0000000003750000, 0x00000000124e0000]
 total_blobs=58 nmethods=0 adapters=38
 compilation: enabled

Compilation events (0 events):
No events

GC Heap History (0 events):
No events

Deoptimization events (0 events):
No events

Internal exceptions (0 events):
No events

Events (10 events):
Event: 0.078 loading class java/lang/Short
Event: 0.078 loading class java/lang/Short done
Event: 0.078 loading class java/lang/Integer
Event: 0.079 loading class java/lang/Integer done
Event: 0.079 loading class java/lang/Long
Event: 0.079 loading class java/lang/Long done
Event: 0.081 loading class java/lang/NullPointerException
Event: 0.081 loading class java/lang/NullPointerException done
Event: 0.081 loading class java/lang/ArithmeticException
Event: 0.081 loading class java/lang/ArithmeticException done


Dynamic libraries:
0x00007ff70cc40000 - 0x00007ff70cc77000 	C:\Program Files (x86)\jdk1.8.0_92\bin\javaw.exe
0x00007ffcb2a90000 - 0x00007ffcb2c51000 	C:\WINDOWS\SYSTEM32\ntdll.dll
0x00007ffcb0670000 - 0x00007ffcb071d000 	C:\WINDOWS\system32\KERNEL32.DLL
0x00007ffcafc80000 - 0x00007ffcafe68000 	C:\WINDOWS\system32\KERNELBASE.dll
0x00007ffcb24d0000 - 0x00007ffcb2577000 	C:\WINDOWS\system32\ADVAPI32.dll
0x00007ffcb29e0000 - 0x00007ffcb2a7d000 	C:\WINDOWS\system32\msvcrt.dll
0x00007ffcb0d70000 - 0x00007ffcb0dcb000 	C:\WINDOWS\system32\sechost.dll
0x00007ffcafe90000 - 0x00007ffcaffac000 	C:\WINDOWS\system32\RPCRT4.dll
0x00007ffcb0760000 - 0x00007ffcb08b6000 	C:\WINDOWS\system32\USER32.dll
0x00007ffcb08d0000 - 0x00007ffcb0a56000 	C:\WINDOWS\system32\GDI32.dll
0x00007ffc9f310000 - 0x00007ffc9f584000 	C:\WINDOWS\WinSxS\amd64_microsoft.windows.common-controls_6595b64144ccf1df_6.0.10586.0_none_8c15ae12515e1c22\COMCTL32.dll
0x00007ffcb2650000 - 0x00007ffcb28cd000 	C:\WINDOWS\system32\combase.dll
0x00007ffcafc10000 - 0x00007ffcafc7a000 	C:\WINDOWS\system32\bcryptPrimitives.dll
0x00007ffcb0720000 - 0x00007ffcb075b000 	C:\WINDOWS\system32\IMM32.DLL
0x00000000500b0000 - 0x0000000050182000 	C:\Program Files (x86)\jdk1.8.0_92\jre\bin\msvcr100.dll
0x0000000077760000 - 0x0000000077ff6000 	C:\Program Files (x86)\jdk1.8.0_92\jre\bin\server\jvm.dll
0x00007ffcb08c0000 - 0x00007ffcb08c8000 	C:\WINDOWS\system32\PSAPI.DLL
0x00007ffca64d0000 - 0x00007ffca64d9000 	C:\WINDOWS\SYSTEM32\WSOCK32.dll
0x00007ffcb25e0000 - 0x00007ffcb264b000 	C:\WINDOWS\system32\WS2_32.dll
0x00007ffcad7b0000 - 0x00007ffcad7d3000 	C:\WINDOWS\SYSTEM32\WINMM.dll
0x00007ffca8fc0000 - 0x00007ffca8fca000 	C:\WINDOWS\SYSTEM32\VERSION.dll
0x00007ffcad750000 - 0x00007ffcad77c000 	C:\WINDOWS\SYSTEM32\WINMMBASE.dll
0x00007ffcaf1a0000 - 0x00007ffcaf1e3000 	C:\WINDOWS\system32\cfgmgr32.dll
0x00000000502a0000 - 0x00000000502af000 	C:\Program Files (x86)\jdk1.8.0_92\jre\bin\verify.dll
0x0000000050270000 - 0x0000000050299000 	C:\Program Files (x86)\jdk1.8.0_92\jre\bin\java.dll
0x0000000050250000 - 0x0000000050266000 	C:\Program Files (x86)\jdk1.8.0_92\jre\bin\zip.dll

VM Arguments:
jvm_args: -Dfile.encoding=GBK 
java_command: homework.从大到小输出
java_class_path (initial): F:\java本地仓库\java-homework804\bin
Launcher Type: SUN_STANDARD

Environment Variables:
JAVA_HOME=C:\Program Files (x86)\jdk1.8.0_92
PATH=C:/Program Files (x86)/jdk1.8.0_92/bin/../jre/bin/server;C:/Program Files (x86)/jdk1.8.0_92/bin/../jre/bin;C:/Program Files (x86)/jdk1.8.0_92/bin/../jre/lib/amd64;C:\Program Files\Microsoft MPI\Bin\;%Sys;emRoot%\system32;C:\WINDOWS;C:\WINDOWS\System32\Wbem;C:\WINDOWS\System32\WindowsPowerShell\v1.0\;C:\Program Files\Microsoft SQL Server\110\Tools\Binn\;C:\Program Files\Microsoft\Web Platform Installer\;C:\Program Files (x86)\Microsoft ASP.NET\ASP.NET Web Pages\v1.0\;C:\Program Files\Microsoft SQL Server\110\DTS\Binn\;C:\Program Files (x86)\Microsoft SQL Server\110\Tools\Binn\;C:\Program Files (x86)\Microsoft SQL Server\110\Tools\Binn\ManagementStudio\;C:\Program Files (x86)\Microsoft Visual Studio 10.0\Common7\IDE\PrivateAssemblies\;C:\Program Files (x86)\Microsoft SQL Server\110\DTS\Binn\;C:\Program Files (x86)\common;C:\Program Files (x86)\Windows Kits\10\Windows Performance Toolkit\;C:\Program Files\dotnet\;C:\Program Files\Anaconda3;C:\Program Files\Anaconda3\Scripts;C:\Program Files\Anaconda3\Library\bin;C:\Program Files\Anaconda2;C:\Program Files\Anaconda2\Scripts;C:\Program Files\Anaconda2\Library\bin;C:\Program Files\TortoiseSVN\bin;C:\Program Files\Git\cmd;C:\Program Files (x86)\jdk1.8.0_92\bin;;C:\Program Files (x86)\Microsoft VS Code\bin;C:\Program Files\eclipse\eclipse;
USERNAME=Renjia
OS=Windows_NT
PROCESSOR_IDENTIFIER=Intel64 Family 6 Model 69 Stepping 1, GenuineIntel



---------------  S Y S T E M  ---------------

OS: Windows 10.0 , 64 bit Build 10586 (10.0.10586.0)

CPU:total 4 (2 cores per cpu, 2 threads per core) family 6 model 69 stepping 1, cmov, cx8, fxsr, mmx, sse, sse2, sse3, ssse3, sse4.1, sse4.2, popcnt, avx, avx2, aes, clmul, erms, lzcnt, ht, tsc, tscinvbit, bmi1, bmi2

Memory: 4k page, physical 4120940k(1080928k free), swap 4120940k(5304k free)

vm_info: Java HotSpot(TM) 64-Bit Server VM (25.92-b14) for windows-amd64 JRE (1.8.0_92-b14), built on Mar 31 2016 21:03:04 by "java_re" with MS VC++ 10.0 (VS2010)

time: Sat Aug 05 16:15:22 2017
elapsed time: 0 seconds (0d 0h 0m 0s)

